{"/home/raramuri/Desktop/task_1/index.js": {"path":"/home/raramuri/Desktop/task_1/index.js","statementMap":{"0":{"start":{"line":1,"column":11},"end":{"line":1,"column":24}},"1":{"start":{"line":2,"column":14},"end":{"line":2,"column":30}},"2":{"start":{"line":4,"column":4},"end":{"line":13,"column":7}},"3":{"start":{"line":5,"column":8},"end":{"line":5,"column":41}},"4":{"start":{"line":6,"column":8},"end":{"line":12,"column":11}},"5":{"start":{"line":7,"column":12},"end":{"line":11,"column":13}},"6":{"start":{"line":8,"column":16},"end":{"line":8,"column":62}},"7":{"start":{"line":10,"column":16},"end":{"line":10,"column":30}},"8":{"start":{"line":17,"column":4},"end":{"line":17,"column":72}},"9":{"start":{"line":21,"column":4},"end":{"line":29,"column":7}},"10":{"start":{"line":22,"column":8},"end":{"line":28,"column":11}},"11":{"start":{"line":23,"column":12},"end":{"line":27,"column":13}},"12":{"start":{"line":24,"column":16},"end":{"line":24,"column":56}},"13":{"start":{"line":26,"column":16},"end":{"line":26,"column":26}},"14":{"start":{"line":33,"column":4},"end":{"line":46,"column":7}},"15":{"start":{"line":34,"column":8},"end":{"line":44,"column":14}},"16":{"start":{"line":36,"column":16},"end":{"line":43,"column":19}},"17":{"start":{"line":37,"column":20},"end":{"line":37,"column":47}},"18":{"start":{"line":38,"column":20},"end":{"line":42,"column":23}},"19":{"start":{"line":39,"column":24},"end":{"line":39,"column":63}},"20":{"start":{"line":40,"column":24},"end":{"line":40,"column":49}},"21":{"start":{"line":41,"column":24},"end":{"line":41,"column":38}},"22":{"start":{"line":48,"column":0},"end":{"line":48,"column":7}},"23":{"start":{"line":49,"column":0},"end":{"line":49,"column":58}}},"fnMap":{"0":{"name":"readFile","decl":{"start":{"line":3,"column":9},"end":{"line":3,"column":17}},"loc":{"start":{"line":3,"column":20},"end":{"line":14,"column":1}},"line":3},"1":{"name":"(anonymous_1)","decl":{"start":{"line":4,"column":23},"end":{"line":4,"column":24}},"loc":{"start":{"line":4,"column":44},"end":{"line":13,"column":5}},"line":4},"2":{"name":"(anonymous_2)","decl":{"start":{"line":6,"column":43},"end":{"line":6,"column":44}},"loc":{"start":{"line":6,"column":64},"end":{"line":12,"column":9}},"line":6},"3":{"name":"fetchData","decl":{"start":{"line":16,"column":9},"end":{"line":16,"column":18}},"loc":{"start":{"line":16,"column":25},"end":{"line":18,"column":1}},"line":16},"4":{"name":"writeData","decl":{"start":{"line":20,"column":9},"end":{"line":20,"column":18}},"loc":{"start":{"line":20,"column":24},"end":{"line":30,"column":1}},"line":20},"5":{"name":"(anonymous_5)","decl":{"start":{"line":21,"column":23},"end":{"line":21,"column":24}},"loc":{"start":{"line":21,"column":44},"end":{"line":29,"column":5}},"line":21},"6":{"name":"(anonymous_6)","decl":{"start":{"line":22,"column":58},"end":{"line":22,"column":59}},"loc":{"start":{"line":22,"column":67},"end":{"line":28,"column":9}},"line":22},"7":{"name":"main","decl":{"start":{"line":32,"column":9},"end":{"line":32,"column":13}},"loc":{"start":{"line":32,"column":16},"end":{"line":47,"column":1}},"line":32},"8":{"name":"(anonymous_8)","decl":{"start":{"line":33,"column":23},"end":{"line":33,"column":24}},"loc":{"start":{"line":33,"column":44},"end":{"line":46,"column":5}},"line":33},"9":{"name":"(anonymous_9)","decl":{"start":{"line":35,"column":18},"end":{"line":35,"column":19}},"loc":{"start":{"line":35,"column":28},"end":{"line":44,"column":13}},"line":35},"10":{"name":"(anonymous_10)","decl":{"start":{"line":36,"column":37},"end":{"line":36,"column":38}},"loc":{"start":{"line":36,"column":51},"end":{"line":43,"column":17}},"line":36},"11":{"name":"(anonymous_11)","decl":{"start":{"line":38,"column":58},"end":{"line":38,"column":59}},"loc":{"start":{"line":38,"column":64},"end":{"line":42,"column":21}},"line":38}},"branchMap":{"0":{"loc":{"start":{"line":7,"column":12},"end":{"line":11,"column":13}},"type":"if","locations":[{"start":{"line":7,"column":12},"end":{"line":11,"column":13}},{"start":{"line":7,"column":12},"end":{"line":11,"column":13}}],"line":7},"1":{"loc":{"start":{"line":23,"column":12},"end":{"line":27,"column":13}},"type":"if","locations":[{"start":{"line":23,"column":12},"end":{"line":27,"column":13}},{"start":{"line":23,"column":12},"end":{"line":27,"column":13}}],"line":23}},"s":{"0":1,"1":1,"2":5,"3":5,"4":5,"5":5,"6":1,"7":4,"8":4,"9":4,"10":4,"11":3,"12":1,"13":2,"14":2,"15":2,"16":2,"17":2,"18":2,"19":1,"20":1,"21":1,"22":1,"23":1},"f":{"0":5,"1":5,"2":5,"3":4,"4":4,"5":4,"6":3,"7":2,"8":2,"9":2,"10":2,"11":1},"b":{"0":[1,4],"1":[1,2]},"_coverageSchema":"1a1c01bbd47fc00a2c39e90264f33305004495a9","hash":"b443784a57ce15e03a843fee9d8bdade5ba49e4f"}
}
