TN:
SF:index.js
FN:3,readFile
FN:4,(anonymous_1)
FN:6,(anonymous_2)
FN:16,fetchData
FN:20,writeData
FN:21,(anonymous_5)
FN:22,(anonymous_6)
FN:32,main
FN:33,(anonymous_8)
FN:35,(anonymous_9)
FN:36,(anonymous_10)
FN:38,(anonymous_11)
FNF:12
FNH:12
FNDA:5,readFile
FNDA:5,(anonymous_1)
FNDA:5,(anonymous_2)
FNDA:4,fetchData
FNDA:4,writeData
FNDA:4,(anonymous_5)
FNDA:3,(anonymous_6)
FNDA:2,main
FNDA:2,(anonymous_8)
FNDA:2,(anonymous_9)
FNDA:2,(anonymous_10)
FNDA:1,(anonymous_11)
DA:1,1
DA:2,1
DA:4,5
DA:5,5
DA:6,5
DA:7,5
DA:8,1
DA:10,4
DA:17,4
DA:21,4
DA:22,4
DA:23,3
DA:24,1
DA:26,2
DA:33,2
DA:34,2
DA:36,2
DA:37,2
DA:38,2
DA:39,1
DA:40,1
DA:41,1
DA:48,1
DA:49,1
LF:24
LH:24
BRDA:7,0,0,1
BRDA:7,0,1,4
BRDA:23,1,0,1
BRDA:23,1,1,2
BRF:4
BRH:4
end_of_record
